<?xml version="1.0" encoding="UTF-8"?>
<testng-results skipped="0" failed="0" total="1" passed="1">
  <reporter-output>
  </reporter-output>
  <suite name="Default suite" duration-ms="3600" started-at="2020-01-30T22:56:51Z" finished-at="2020-01-30T22:56:55Z">
    <groups>
    </groups>
    <test name="Default test" duration-ms="3600" started-at="2020-01-30T22:56:51Z" finished-at="2020-01-30T22:56:55Z">
      <class name="steps.Test_Latest_Currencies_End_Point">
        <test-method status="PASS" signature="setUp()[pri:0, instance:steps.Test_Latest_Currencies_End_Point@2a17b7b6]" name="setUp" is-config="true" duration-ms="990" started-at="2020-01-30T22:56:50Z" finished-at="2020-01-30T22:56:51Z">
          <reporter-output>
          </reporter-output>
        </test-method> <!-- setUp -->
        <test-method status="PASS" signature="startTest()[pri:0, instance:steps.Test_Latest_Currencies_End_Point@2a17b7b6]" name="startTest" is-config="true" duration-ms="252" started-at="2020-01-30T22:56:51Z" finished-at="2020-01-30T22:56:51Z">
          <reporter-output>
          </reporter-output>
        </test-method> <!-- startTest -->
        <test-method status="PASS" signature="test_Write_files_to_CSV()[pri:0, instance:steps.Test_Latest_Currencies_End_Point@2a17b7b6]" name="test_Write_files_to_CSV" duration-ms="2745" started-at="2020-01-30T22:56:51Z" finished-at="2020-01-30T22:56:54Z">
          <reporter-output>
          </reporter-output>
        </test-method> <!-- test_Write_files_to_CSV -->
        <test-method status="PASS" signature="endReport()[pri:0, instance:steps.Test_Latest_Currencies_End_Point@2a17b7b6]" name="endReport" is-config="true" duration-ms="580" started-at="2020-01-30T22:56:54Z" finished-at="2020-01-30T22:56:55Z">
          <reporter-output>
          </reporter-output>
        </test-method> <!-- endReport -->
      </class> <!-- steps.Test_Latest_Currencies_End_Point -->
    </test> <!-- Default test -->
  </suite> <!-- Default suite -->
</testng-results>
